Downloading/unpacking soco

  Getting page http://pypi.python.org/simple/soco
  URLs to search for versions for soco:
  * http://pypi.python.org/simple/soco/
  Getting page http://pypi.python.org/simple/soco/
  Analyzing links from page https://pypi.python.org/simple/soco/
    Skipping link https://pypi.python.org/packages/2.7/s/soco/soco-0.10-py2.py3-none-any.whl#md5=1ae693244f93b511e9ca91dd0a0168e0 (from https://pypi.python.org/simple/soco/); unknown archive format: .whl
    Skipping link https://pypi.python.org/packages/2.7/s/soco/soco-0.11-py2.py3-none-any.whl#md5=73e0d0ad683992b893d8072838173964 (from https://pypi.python.org/simple/soco/); unknown archive format: .whl
    Skipping link https://pypi.python.org/packages/2.7/s/soco/soco-0.11.1-py2.py3-none-any.whl#md5=1b530cc86a468e5983bb1273686ebb97 (from https://pypi.python.org/simple/soco/); unknown archive format: .whl
    Skipping link https://pypi.python.org/packages/2.7/s/soco/soco-0.8-py2.py3-none-any.whl#md5=dd9a75a251d6bfd3eb54465e6eee9094 (from https://pypi.python.org/simple/soco/); unknown archive format: .whl
    Skipping link https://pypi.python.org/packages/2.7/s/soco/soco-0.9-py2.py3-none-any.whl#md5=09c5ad558672af8da3336d7a393fba16 (from https://pypi.python.org/simple/soco/); unknown archive format: .whl
    Found link https://pypi.python.org/packages/source/s/soco/soco-0.10.tar.gz#md5=00fcdf2bb95749cbde3c48748680688c (from https://pypi.python.org/simple/soco/), version: 0.10
    Found link https://pypi.python.org/packages/source/s/soco/soco-0.11.1.tar.gz#md5=73187104385f04d18ce3e56853be1e0c (from https://pypi.python.org/simple/soco/), version: 0.11.1
    Found link https://pypi.python.org/packages/source/s/soco/soco-0.11.tar.gz#md5=b7939b0d64fbaee8074ac076c2e6f6de (from https://pypi.python.org/simple/soco/), version: 0.11
    Found link https://pypi.python.org/packages/source/s/soco/soco-0.2.tar.gz#md5=dfb89f3a1b8baf9da525815a688a206e (from https://pypi.python.org/simple/soco/), version: 0.2
    Found link https://pypi.python.org/packages/source/s/soco/soco-0.6.tar.gz#md5=7a2511cc4c1144dc0653accb43fbf8be (from https://pypi.python.org/simple/soco/), version: 0.6
    Found link https://pypi.python.org/packages/source/s/soco/soco-0.7.tar.gz#md5=a4f0d91b067eb91637d871db53dd9346 (from https://pypi.python.org/simple/soco/), version: 0.7
    Found link https://pypi.python.org/packages/source/s/soco/soco-0.8.tar.gz#md5=00ce766bd79dbfb84920e07da6b7ff2b (from https://pypi.python.org/simple/soco/), version: 0.8
    Found link https://pypi.python.org/packages/source/s/soco/soco-0.9.tar.gz#md5=43467f09616094ee9a91d30c3745232f (from https://pypi.python.org/simple/soco/), version: 0.9
  Using version 0.11.1 (newest of versions: 0.11.1, 0.11, 0.10, 0.9, 0.8, 0.7, 0.6, 0.2)
  Downloading from URL https://pypi.python.org/packages/source/s/soco/soco-0.11.1.tar.gz#md5=73187104385f04d18ce3e56853be1e0c (from https://pypi.python.org/simple/soco/)
  Running setup.py egg_info for package soco

    running egg_info
    creating pip-egg-info/soco.egg-info
    writing requirements to pip-egg-info/soco.egg-info/requires.txt
    writing pip-egg-info/soco.egg-info/PKG-INFO
    writing top-level names to pip-egg-info/soco.egg-info/top_level.txt
    writing dependency_links to pip-egg-info/soco.egg-info/dependency_links.txt
    writing manifest file 'pip-egg-info/soco.egg-info/SOURCES.txt'
    warning: manifest_maker: standard file '-c' not found
    

    reading manifest file 'pip-egg-info/soco.egg-info/SOURCES.txt'
    reading manifest template 'MANIFEST.in'
    writing manifest file 'pip-egg-info/soco.egg-info/SOURCES.txt'
Downloading/unpacking requests (from soco)

  Getting page http://pypi.python.org/simple/requests
  URLs to search for versions for requests (from soco):
  * http://pypi.python.org/simple/requests/
  Getting page http://pypi.python.org/simple/requests/
  Analyzing links from page https://pypi.python.org/simple/requests/
    Skipping link https://pypi.python.org/packages/2.7/r/requests/requests-2.0.0-py2.py3-none-any.whl#md5=6af9c16dbddd2fc751ae4f1606d041e8 (from https://pypi.python.org/simple/requests/); unknown archive format: .whl
    Skipping link https://pypi.python.org/packages/2.7/r/requests/requests-2.0.1-py2.py3-none-any.whl#md5=d524f9a38a29efe1732fd130e5ebe433 (from https://pypi.python.org/simple/requests/); unknown archive format: .whl
    Skipping link https://pypi.python.org/packages/2.7/r/requests/requests-2.1.0-py2.py3-none-any.whl#md5=0848cbc0cc7edd150cb8d6ddc25ca906 (from https://pypi.python.org/simple/requests/); unknown archive format: .whl
    Skipping link https://pypi.python.org/packages/2.7/r/requests/requests-2.2.0-py2.py3-none-any.whl#md5=8f989615bb0d276d5f3158e7efab494c (from https://pypi.python.org/simple/requests/); unknown archive format: .whl
    Skipping link https://pypi.python.org/packages/2.7/r/requests/requests-2.2.1-py2.py3-none-any.whl#md5=1e38addb978e50bd86f62bda53956b03 (from https://pypi.python.org/simple/requests/); unknown archive format: .whl
    Skipping link https://pypi.python.org/packages/2.7/r/requests/requests-2.3.0-py2.py3-none-any.whl#md5=f2d850fd48fc10a93aa03d69b87b96b4 (from https://pypi.python.org/simple/requests/); unknown archive format: .whl
    Skipping link https://pypi.python.org/packages/2.7/r/requests/requests-2.4.0-py2.py3-none-any.whl#md5=47948d2fb3f2aa04235e6f637814b226 (from https://pypi.python.org/simple/requests/); unknown archive format: .whl
    Skipping link https://pypi.python.org/packages/2.7/r/requests/requests-2.4.1-py2.py3-none-any.whl#md5=19d5413dc71309e4fb1f8103b8eb99ce (from https://pypi.python.org/simple/requests/); unknown archive format: .whl
    Skipping link https://pypi.python.org/packages/2.7/r/requests/requests-2.4.2-py2.py3-none-any.whl#md5=f49f34b1fcdef6b557964deea1a80cf3 (from https://pypi.python.org/simple/requests/); unknown archive format: .whl
    Skipping link https://pypi.python.org/packages/2.7/r/requests/requests-2.4.3-py2.py3-none-any.whl#md5=0a66a9c4c22272680430fbb9fb4ca34f (from https://pypi.python.org/simple/requests/); unknown archive format: .whl
    Skipping link https://pypi.python.org/packages/2.7/r/requests/requests-2.7.0-py2.py3-none-any.whl#md5=564fb256f865a79f977e57b79d31659a (from https://pypi.python.org/simple/requests/); unknown archive format: .whl
    Skipping link https://pypi.python.org/packages/py2.py3/r/requests/requests-2.5.0-py2.py3-none-any.whl#md5=9d29a8a0210c236d9329bed49277b3fa (from https://pypi.python.org/simple/requests/); unknown archive format: .whl
    Skipping link https://pypi.python.org/packages/py2.py3/r/requests/requests-2.5.1-py2.py3-none-any.whl#md5=11dc91bc96c5c5e0b566ce8f9c9644ab (from https://pypi.python.org/simple/requests/); unknown archive format: .whl
    Skipping link https://pypi.python.org/packages/py2.py3/r/requests/requests-2.5.2-py2.py3-none-any.whl#md5=7e72dfe8ed9d4ce5fd9dd9d799b3add1 (from https://pypi.python.org/simple/requests/); unknown archive format: .whl
    Skipping link https://pypi.python.org/packages/py2.py3/r/requests/requests-2.5.3-py2.py3-none-any.whl#md5=233249f4627ac5481c948e494d2a090e (from https://pypi.python.org/simple/requests/); unknown archive format: .whl
    Skipping link https://pypi.python.org/packages/py2.py3/r/requests/requests-2.6.0-py2.py3-none-any.whl#md5=3ab1972bbaf2802d94516fb86b9b0d0b (from https://pypi.python.org/simple/requests/); unknown archive format: .whl
    Skipping link https://pypi.python.org/packages/py2.py3/r/requests/requests-2.6.1-py2.py3-none-any.whl#md5=adb8e91b3367bc0417ef1e4a6dced9b1 (from https://pypi.python.org/simple/requests/); unknown archive format: .whl
    Skipping link https://pypi.python.org/packages/py2.py3/r/requests/requests-2.6.2-py2.py3-none-any.whl#md5=36746c275589b2154307bbcc6d28320a (from https://pypi.python.org/simple/requests/); unknown archive format: .whl
    Found link https://pypi.python.org/packages/source/r/requests/requests-0.10.0.tar.gz#md5=c90a48af18eb4170dbe4832c1104440c (from https://pypi.python.org/simple/requests/), version: 0.10.0
    Found link https://pypi.python.org/packages/source/r/requests/requests-0.10.1.tar.gz#md5=699147d2143bff95238befa58980b912 (from https://pypi.python.org/simple/requests/), version: 0.10.1
    Found link https://pypi.python.org/packages/source/r/requests/requests-0.10.2.tar.gz#md5=47c3cf85a0112d423137b43989663bef (from https://pypi.python.org/simple/requests/), version: 0.10.2
    Found link https://pypi.python.org/packages/source/r/requests/requests-0.10.3.tar.gz#md5=a055af00593f4828c3becd0ccfab503f (from https://pypi.python.org/simple/requests/), version: 0.10.3
    Found link https://pypi.python.org/packages/source/r/requests/requests-0.10.4.tar.gz#md5=5e465e9e739bcc9f71935ca4e9706168 (from https://pypi.python.org/simple/requests/), version: 0.10.4
    Found link https://pypi.python.org/packages/source/r/requests/requests-0.10.6.tar.gz#md5=c889401445de3cbbac98509208a73b83 (from https://pypi.python.org/simple/requests/), version: 0.10.6
    Found link https://pypi.python.org/packages/source/r/requests/requests-0.10.7.tar.gz#md5=a3ac9d431981dcfd592fd0f35c499e4a (from https://pypi.python.org/simple/requests/), version: 0.10.7
    Found link https://pypi.python.org/packages/source/r/requests/requests-0.10.8.tar.gz#md5=0fc89a30eef76b2393cbc7ebace91750 (from https://pypi.python.org/simple/requests/), version: 0.10.8
    Found link https://pypi.python.org/packages/source/r/requests/requests-0.11.1.tar.gz#md5=c903c32a0e1f04889e693da8e9c71872 (from https://pypi.python.org/simple/requests/), version: 0.11.1
    Found link https://pypi.python.org/packages/source/r/requests/requests-0.11.2.tar.gz#md5=5acd23600c897bf1560dca18005b428c (from https://pypi.python.org/simple/requests/), version: 0.11.2
    Found link https://pypi.python.org/packages/source/r/requests/requests-0.12.0.tar.gz#md5=c38bacf4d6a065f3c47463e63efdfb5a (from https://pypi.python.org/simple/requests/), version: 0.12.0
    Found link https://pypi.python.org/packages/source/r/requests/requests-0.12.1.tar.gz#md5=fe9e0515d09733d0eb9e2031c03401b2 (from https://pypi.python.org/simple/requests/), version: 0.12.1
    Found link https://pypi.python.org/packages/source/r/requests/requests-0.13.0.tar.gz#md5=7d41e51c273806456faab61370d5147e (from https://pypi.python.org/simple/requests/), version: 0.13.0
    Found link https://pypi.python.org/packages/source/r/requests/requests-0.13.1.tar.gz#md5=31a08091feeefe60817e45122d933219 (from https://pypi.python.org/simple/requests/), version: 0.13.1
    Found link https://pypi.python.org/packages/source/r/requests/requests-0.13.2.tar.gz#md5=fac5635391778e2394a411d37e69ae5e (from https://pypi.python.org/simple/requests/), version: 0.13.2
    Found link https://pypi.python.org/packages/source/r/requests/requests-0.13.3.tar.gz#md5=54387d7df6c69580b906dcb5a2bd0724 (from https://pypi.python.org/simple/requests/), version: 0.13.3
    Found link https://pypi.python.org/packages/source/r/requests/requests-0.13.4.tar.gz#md5=286cd3352509691e81c520accc5b9e48 (from https://pypi.python.org/simple/requests/), version: 0.13.4
    Found link https://pypi.python.org/packages/source/r/requests/requests-0.13.5.tar.gz#md5=805fd122b4cfd224e15ff2f5288c5ba0 (from https://pypi.python.org/simple/requests/), version: 0.13.5
    Found link https://pypi.python.org/packages/source/r/requests/requests-0.13.6.tar.gz#md5=9ea0f38cc4bf444be5a4c90f127211f2 (from https://pypi.python.org/simple/requests/), version: 0.13.6
    Found link https://pypi.python.org/packages/source/r/requests/requests-0.13.7.tar.gz#md5=9212044f915d44fe3010cb923c0e08e5 (from https://pypi.python.org/simple/requests/), version: 0.13.7
    Found link https://pypi.python.org/packages/source/r/requests/requests-0.13.8.tar.gz#md5=d01596bd344db94763b2e4dfaa7bc7b9 (from https://pypi.python.org/simple/requests/), version: 0.13.8
    Found link https://pypi.python.org/packages/source/r/requests/requests-0.13.9.tar.gz#md5=66d52b8f47be517fc91a6e18d6b9ce82 (from https://pypi.python.org/simple/requests/), version: 0.13.9
    Found link https://pypi.python.org/packages/source/r/requests/requests-0.14.0.tar.gz#md5=a809c747e4f09b92147721ebc3e23dd6 (from https://pypi.python.org/simple/requests/), version: 0.14.0
    Found link https://pypi.python.org/packages/source/r/requests/requests-0.14.1.tar.gz#md5=3de30600072cbc7214ae342d1d08aa46 (from https://pypi.python.org/simple/requests/), version: 0.14.1
    Found link https://pypi.python.org/packages/source/r/requests/requests-0.14.2.tar.gz#md5=488508ba3e8270992ad5b3fb54d364ca (from https://pypi.python.org/simple/requests/), version: 0.14.2
    Found link https://pypi.python.org/packages/source/r/requests/requests-0.2.0.tar.gz#md5=637ae94cb6f2f1d9ea9020293055964a (from https://pypi.python.org/simple/requests/), version: 0.2.0
    Found link https://pypi.python.org/packages/source/r/requests/requests-0.2.1.tar.gz#md5=7e9590f3985ece46fc8306e906b458c7 (from https://pypi.python.org/simple/requests/), version: 0.2.1
    Found link https://pypi.python.org/packages/source/r/requests/requests-0.2.2.tar.gz#md5=a703489b1a4a650698ddcf84857360c6 (from https://pypi.python.org/simple/requests/), version: 0.2.2
    Found link https://pypi.python.org/packages/source/r/requests/requests-0.2.3.tar.gz#md5=102243646fc0cffdc82269f4bb5c6d5d (from https://pypi.python.org/simple/requests/), version: 0.2.3
    Found link https://pypi.python.org/packages/source/r/requests/requests-0.2.4.tar.gz#md5=62dbe8cf12bc1ccd03776e74f59e9ef6 (from https://pypi.python.org/simple/requests/), version: 0.2.4
    Found link https://pypi.python.org/packages/source/r/requests/requests-0.3.0.tar.gz#md5=aa1306575a78ba8b5e625dd2645d2ef0 (from https://pypi.python.org/simple/requests/), version: 0.3.0
    Found link https://pypi.python.org/packages/source/r/requests/requests-0.3.1.tar.gz#md5=3f4701e2ab414cd7018804a70328c527 (from https://pypi.python.org/simple/requests/), version: 0.3.1
    Found link https://pypi.python.org/packages/source/r/requests/requests-0.3.2.tar.gz#md5=bde777f4c5b7bbb09033901c443962b3 (from https://pypi.python.org/simple/requests/), version: 0.3.2
    Found link https://pypi.python.org/packages/source/r/requests/requests-0.3.3.tar.gz#md5=84c762c116617ba4dd03c19e2b61eb53 (from https://pypi.python.org/simple/requests/), version: 0.3.3
    Found link https://pypi.python.org/packages/source/r/requests/requests-0.3.4.tar.gz#md5=55152cc2b135bc8989dc4fa279295f8b (from https://pypi.python.org/simple/requests/), version: 0.3.4
    Found link https://pypi.python.org/packages/source/r/requests/requests-0.4.0.tar.gz#md5=77a7a7edd54169c6fa7ace49dcb0b20c (from https://pypi.python.org/simple/requests/), version: 0.4.0
    Found link https://pypi.python.org/packages/source/r/requests/requests-0.4.1.tar.gz#md5=812ff0ce63d14f7b940bacd880d54ee0 (from https://pypi.python.org/simple/requests/), version: 0.4.1
    Found link https://pypi.python.org/packages/source/r/requests/requests-0.5.0.tar.gz#md5=6dfdc1688217d774d524e056ec6605a6 (from https://pypi.python.org/simple/requests/), version: 0.5.0
    Found link https://pypi.python.org/packages/source/r/requests/requests-0.5.1.tar.gz#md5=33a6e65d6a4e5b2d91df76256f607b81 (from https://pypi.python.org/simple/requests/), version: 0.5.1
    Found link https://pypi.python.org/packages/source/r/requests/requests-0.6.0.tar.gz#md5=235e9fb6bfd71a48c0f00c0d5aef8896 (from https://pypi.python.org/simple/requests/), version: 0.6.0
    Found link https://pypi.python.org/packages/source/r/requests/requests-0.6.1.tar.gz#md5=07770334d48bd69ede1cc28cd0dd7680 (from https://pypi.python.org/simple/requests/), version: 0.6.1
    Found link https://pypi.python.org/packages/source/r/requests/requests-0.6.2.tar.gz#md5=0583bb5393b9cfcb022dc2aef7d6ffc8 (from https://pypi.python.org/simple/requests/), version: 0.6.2
    Found link https://pypi.python.org/packages/source/r/requests/requests-0.6.3.tar.gz#md5=35a954ae85b358e498fb0e602f1dce9d (from https://pypi.python.org/simple/requests/), version: 0.6.3
    Found link https://pypi.python.org/packages/source/r/requests/requests-0.6.4.tar.gz#md5=e0eec314178ad9a7bb14f2ec32f35ba3 (from https://pypi.python.org/simple/requests/), version: 0.6.4
    Found link https://pypi.python.org/packages/source/r/requests/requests-0.6.5.tar.gz#md5=52f8bc956e027c8a0eb2684f6928169d (from https://pypi.python.org/simple/requests/), version: 0.6.5
    Found link https://pypi.python.org/packages/source/r/requests/requests-0.6.6.tar.gz#md5=2180dacebc0e30ba730d083739907af6 (from https://pypi.python.org/simple/requests/), version: 0.6.6
    Found link https://pypi.python.org/packages/source/r/requests/requests-0.7.0.tar.gz#md5=83a1a7d79218756efd19b254eeb6b1f0 (from https://pypi.python.org/simple/requests/), version: 0.7.0
    Found link https://pypi.python.org/packages/source/r/requests/requests-0.7.1.tar.gz#md5=4821c6902d8e83c910c69c6492388e5f (from https://pypi.python.org/simple/requests/), version: 0.7.1
    Found link https://pypi.python.org/packages/source/r/requests/requests-0.7.2.tar.gz#md5=03eb97ed6aacb4102fd434bbfc13ce17 (from https://pypi.python.org/simple/requests/), version: 0.7.2
    Found link https://pypi.python.org/packages/source/r/requests/requests-0.7.3.tar.gz#md5=267f6f7d1109775d24a288f798e3ab4a (from https://pypi.python.org/simple/requests/), version: 0.7.3
    Found link https://pypi.python.org/packages/source/r/requests/requests-0.7.4.tar.gz#md5=c015765399b8c1e309c84ade0d38f07b (from https://pypi.python.org/simple/requests/), version: 0.7.4
    Found link https://pypi.python.org/packages/source/r/requests/requests-0.7.5.tar.gz#md5=9a12281a811ca25d347d806c456d96f1 (from https://pypi.python.org/simple/requests/), version: 0.7.5
    Found link https://pypi.python.org/packages/source/r/requests/requests-0.7.6.tar.gz#md5=728b21bf3914d69a4ff1012c66d9b6ba (from https://pypi.python.org/simple/requests/), version: 0.7.6
    Found link https://pypi.python.org/packages/source/r/requests/requests-0.8.0.tar.gz#md5=64dc0095cb645aa7f0083957950d524d (from https://pypi.python.org/simple/requests/), version: 0.8.0
    Found link https://pypi.python.org/packages/source/r/requests/requests-0.8.1.tar.gz#md5=6135f837fbd113fc62904c60dcc5c70d (from https://pypi.python.org/simple/requests/), version: 0.8.1
    Found link https://pypi.python.org/packages/source/r/requests/requests-0.8.2.tar.gz#md5=bdbbd7f45688e23e87eec52835959943 (from https://pypi.python.org/simple/requests/), version: 0.8.2
    Found link https://pypi.python.org/packages/source/r/requests/requests-0.8.3.tar.gz#md5=93e4cd27ab646fb613a926fede1cc4f5 (from https://pypi.python.org/simple/requests/), version: 0.8.3
    Found link https://pypi.python.org/packages/source/r/requests/requests-0.8.4.tar.gz#md5=642e5c70250989e4feda9c50be57b100 (from https://pypi.python.org/simple/requests/), version: 0.8.4
    Found link https://pypi.python.org/packages/source/r/requests/requests-0.8.5.tar.gz#md5=5f2975ee9e57f4ea000e5a3f50fc85d1 (from https://pypi.python.org/simple/requests/), version: 0.8.5
    Found link https://pypi.python.org/packages/source/r/requests/requests-0.8.6.tar.gz#md5=21b03926ab38417a704ebce57972571a (from https://pypi.python.org/simple/requests/), version: 0.8.6
    Found link https://pypi.python.org/packages/source/r/requests/requests-0.8.7.tar.gz#md5=e4d4ee3a90396908bd04b50bf2136617 (from https://pypi.python.org/simple/requests/), version: 0.8.7
    Found link https://pypi.python.org/packages/source/r/requests/requests-0.8.8.tar.gz#md5=bfb182cfd3ed839b97744c553b87f502 (from https://pypi.python.org/simple/requests/), version: 0.8.8
    Found link https://pypi.python.org/packages/source/r/requests/requests-0.8.9.tar.gz#md5=ff5b3bf5bc3ad19930d3f3afe51f182b (from https://pypi.python.org/simple/requests/), version: 0.8.9
    Found link https://pypi.python.org/packages/source/r/requests/requests-0.9.0.tar.gz#md5=5f6f03ec76f68a7a3f35120ab5a6c589 (from https://pypi.python.org/simple/requests/), version: 0.9.0
    Found link https://pypi.python.org/packages/source/r/requests/requests-0.9.1.tar.gz#md5=8ed4667edb5d57945b74a9137adbb8bd (from https://pypi.python.org/simple/requests/), version: 0.9.1
    Found link https://pypi.python.org/packages/source/r/requests/requests-0.9.2.tar.gz#md5=65b36d99a4d2f78a22f08c95d2475e33 (from https://pypi.python.org/simple/requests/), version: 0.9.2
    Found link https://pypi.python.org/packages/source/r/requests/requests-0.9.3.tar.gz#md5=b13b6fbfa8fc3fc3c25bae300748053f (from https://pypi.python.org/simple/requests/), version: 0.9.3
    Found link https://pypi.python.org/packages/source/r/requests/requests-1.0.0.tar.gz#md5=099c9035c4b30a7ae5484b1beabc7407 (from https://pypi.python.org/simple/requests/), version: 1.0.0
    Found link https://pypi.python.org/packages/source/r/requests/requests-1.0.1.tar.gz#md5=2e938f26f2bdf2899862c751bfa7eff5 (from https://pypi.python.org/simple/requests/), version: 1.0.1
    Found link https://pypi.python.org/packages/source/r/requests/requests-1.0.2.tar.gz#md5=e5c1a5a5472cd61f144743dd25a2a29f (from https://pypi.python.org/simple/requests/), version: 1.0.2
    Found link https://pypi.python.org/packages/source/r/requests/requests-1.0.3.tar.gz#md5=a3169a33973d4b5b51843ead01c5e999 (from https://pypi.python.org/simple/requests/), version: 1.0.3
    Found link https://pypi.python.org/packages/source/r/requests/requests-1.0.4.tar.gz#md5=0b7448f9e1a077a7218720575003a1b6 (from https://pypi.python.org/simple/requests/), version: 1.0.4
    Found link https://pypi.python.org/packages/source/r/requests/requests-1.1.0.tar.gz#md5=a0158815af244c32041a3147ee09abf3 (from https://pypi.python.org/simple/requests/), version: 1.1.0
    Found link https://pypi.python.org/packages/source/r/requests/requests-1.2.0.tar.gz#md5=22af2682233770e5468a986f451c51c0 (from https://pypi.python.org/simple/requests/), version: 1.2.0
    Found link https://pypi.python.org/packages/source/r/requests/requests-1.2.1.tar.gz#md5=4d019670b94b17e329007d64e67e045e (from https://pypi.python.org/simple/requests/), version: 1.2.1
    Found link https://pypi.python.org/packages/source/r/requests/requests-1.2.2.tar.gz#md5=1f655ab7f2aa7447a1657ed69786f436 (from https://pypi.python.org/simple/requests/), version: 1.2.2
    Found link https://pypi.python.org/packages/source/r/requests/requests-1.2.3.tar.gz#md5=adbd3f18445f7fe5e77f65c502e264fb (from https://pypi.python.org/simple/requests/), version: 1.2.3
    Found link https://pypi.python.org/packages/source/r/requests/requests-2.0.0.tar.gz#md5=856fc825c17483e25fd55db115028e3f (from https://pypi.python.org/simple/requests/), version: 2.0.0
    Found link https://pypi.python.org/packages/source/r/requests/requests-2.0.1.tar.gz#md5=38e61c2856d2ba2782286730241975e6 (from https://pypi.python.org/simple/requests/), version: 2.0.1
    Found link https://pypi.python.org/packages/source/r/requests/requests-2.1.0.tar.gz#md5=28543001831f46b1ff40686ebc027deb (from https://pypi.python.org/simple/requests/), version: 2.1.0
    Found link https://pypi.python.org/packages/source/r/requests/requests-2.2.0.tar.gz#md5=4d2e17221d478ece045e2e81cdb177f5 (from https://pypi.python.org/simple/requests/), version: 2.2.0
    Found link https://pypi.python.org/packages/source/r/requests/requests-2.2.1.tar.gz#md5=ac27081135f58d1a43e4fb38258d6f4e (from https://pypi.python.org/simple/requests/), version: 2.2.1
    Found link https://pypi.python.org/packages/source/r/requests/requests-2.3.0.tar.gz#md5=7449ffdc8ec9ac37bbcd286003c80f00 (from https://pypi.python.org/simple/requests/), version: 2.3.0
    Found link https://pypi.python.org/packages/source/r/requests/requests-2.4.0.tar.gz#md5=99b830d1afe2e5920adbea0fe3120948 (from https://pypi.python.org/simple/requests/), version: 2.4.0
    Found link https://pypi.python.org/packages/source/r/requests/requests-2.4.1.tar.gz#md5=931461f761c70708c46ea65b7889da58 (from https://pypi.python.org/simple/requests/), version: 2.4.1
    Found link https://pypi.python.org/packages/source/r/requests/requests-2.4.2.tar.gz#md5=a2476d2dd83a0520847f216ce0b5f9d1 (from https://pypi.python.org/simple/requests/), version: 2.4.2
    Found link https://pypi.python.org/packages/source/r/requests/requests-2.4.3.tar.gz#md5=02214b3a179e445545de4b7a98d3dd17 (from https://pypi.python.org/simple/requests/), version: 2.4.3
    Found link https://pypi.python.org/packages/source/r/requests/requests-2.5.0.tar.gz#md5=b8bf3ddca75e7ecf1b6776da1e6e3385 (from https://pypi.python.org/simple/requests/), version: 2.5.0
    Found link https://pypi.python.org/packages/source/r/requests/requests-2.5.1.tar.gz#md5=c270eb5551a02e8ab7a4cbb83e22af2e (from https://pypi.python.org/simple/requests/), version: 2.5.1
    Found link https://pypi.python.org/packages/source/r/requests/requests-2.5.2.tar.gz#md5=424e2469202c9bace4e8bf4642d4217a (from https://pypi.python.org/simple/requests/), version: 2.5.2
    Found link https://pypi.python.org/packages/source/r/requests/requests-2.5.3.tar.gz#md5=23bf4fcc89ea8d353eb5353bb4a475b1 (from https://pypi.python.org/simple/requests/), version: 2.5.3
    Found link https://pypi.python.org/packages/source/r/requests/requests-2.6.0.tar.gz#md5=25287278fa3ea106207461112bb37050 (from https://pypi.python.org/simple/requests/), version: 2.6.0
    Found link https://pypi.python.org/packages/source/r/requests/requests-2.6.1.tar.gz#md5=da6e487f89e6a531699b7fd97ff182af (from https://pypi.python.org/simple/requests/), version: 2.6.1
    Found link https://pypi.python.org/packages/source/r/requests/requests-2.6.2.tar.gz#md5=0d703e5be558566e0f8c37f960d95372 (from https://pypi.python.org/simple/requests/), version: 2.6.2
    Found link https://pypi.python.org/packages/source/r/requests/requests-2.7.0.tar.gz#md5=29b173fd5fa572ec0764d1fd7b527260 (from https://pypi.python.org/simple/requests/), version: 2.7.0
  Using version 2.7.0 (newest of versions: 2.7.0, 2.6.2, 2.6.1, 2.6.0, 2.5.3, 2.5.2, 2.5.1, 2.5.0, 2.4.3, 2.4.2, 2.4.1, 2.4.0, 2.3.0, 2.2.1, 2.2.0, 2.1.0, 2.0.1, 2.0.0, 1.2.3, 1.2.2, 1.2.1, 1.2.0, 1.1.0, 1.0.4, 1.0.3, 1.0.2, 1.0.1, 1.0.0, 0.14.2, 0.14.1, 0.14.0, 0.13.9, 0.13.8, 0.13.7, 0.13.6, 0.13.5, 0.13.4, 0.13.3, 0.13.2, 0.13.1, 0.13.0, 0.12.1, 0.12.0, 0.11.2, 0.11.1, 0.10.8, 0.10.7, 0.10.6, 0.10.4, 0.10.3, 0.10.2, 0.10.1, 0.10.0, 0.9.3, 0.9.2, 0.9.1, 0.9.0, 0.8.9, 0.8.8, 0.8.7, 0.8.6, 0.8.5, 0.8.4, 0.8.3, 0.8.2, 0.8.1, 0.8.0, 0.7.6, 0.7.5, 0.7.4, 0.7.3, 0.7.2, 0.7.1, 0.7.0, 0.6.6, 0.6.5, 0.6.4, 0.6.3, 0.6.2, 0.6.1, 0.6.0, 0.5.1, 0.5.0, 0.4.1, 0.4.0, 0.3.4, 0.3.3, 0.3.2, 0.3.1, 0.3.0, 0.2.4, 0.2.3, 0.2.2, 0.2.1, 0.2.0)
  Downloading from URL https://pypi.python.org/packages/source/r/requests/requests-2.7.0.tar.gz#md5=29b173fd5fa572ec0764d1fd7b527260 (from https://pypi.python.org/simple/requests/)
  Running setup.py egg_info for package requests

    running egg_info
    creating pip-egg-info/requests.egg-info
    writing requirements to pip-egg-info/requests.egg-info/requires.txt
    writing pip-egg-info/requests.egg-info/PKG-INFO
    writing top-level names to pip-egg-info/requests.egg-info/top_level.txt
    writing dependency_links to pip-egg-info/requests.egg-info/dependency_links.txt
    writing manifest file 'pip-egg-info/requests.egg-info/SOURCES.txt'
    warning: manifest_maker: standard file '-c' not found
    

    reading manifest file 'pip-egg-info/requests.egg-info/SOURCES.txt'
    reading manifest template 'MANIFEST.in'
    writing manifest file 'pip-egg-info/requests.egg-info/SOURCES.txt'
  Source in ./build/requests has version 2.7.0, which satisfies requirement requests (from soco)
  skipping extra security
  skipping extra security
  skipping extra security
Installing collected packages: soco, requests

  Running setup.py install for soco

    Running command /usr/bin/python -c "import setuptools;__file__='/home/pi/build/soco/setup.py';exec(compile(open(__file__).read().replace('\r\n', '\n'), __file__, 'exec'))" install --single-version-externally-managed --record /tmp/pip-Mzppo1-record/install-record.txt
    running install
    running build
    running build_py
    creating build
    creating build/lib.linux-armv7l-2.7
    creating build/lib.linux-armv7l-2.7/soco
    copying soco/__init__.py -> build/lib.linux-armv7l-2.7/soco
    copying soco/data_structures.py -> build/lib.linux-armv7l-2.7/soco
    copying soco/xml.py -> build/lib.linux-armv7l-2.7/soco
    copying soco/events.py -> build/lib.linux-armv7l-2.7/soco
    copying soco/alarms.py -> build/lib.linux-armv7l-2.7/soco
    copying soco/discovery.py -> build/lib.linux-armv7l-2.7/soco
    copying soco/ms_data_structures.py -> build/lib.linux-armv7l-2.7/soco
    copying soco/groups.py -> build/lib.linux-armv7l-2.7/soco
    copying soco/cache.py -> build/lib.linux-armv7l-2.7/soco
    copying soco/services.py -> build/lib.linux-armv7l-2.7/soco
    copying soco/core.py -> build/lib.linux-armv7l-2.7/soco
    copying soco/exceptions.py -> build/lib.linux-armv7l-2.7/soco
    copying soco/snapshot.py -> build/lib.linux-armv7l-2.7/soco
    copying soco/config.py -> build/lib.linux-armv7l-2.7/soco
    copying soco/utils.py -> build/lib.linux-armv7l-2.7/soco
    copying soco/compat.py -> build/lib.linux-armv7l-2.7/soco
    creating build/lib.linux-armv7l-2.7/soco/plugins
    copying soco/plugins/__init__.py -> build/lib.linux-armv7l-2.7/soco/plugins
    copying soco/plugins/spotify.py -> build/lib.linux-armv7l-2.7/soco/plugins
    copying soco/plugins/example.py -> build/lib.linux-armv7l-2.7/soco/plugins
    copying soco/plugins/wimp.py -> build/lib.linux-armv7l-2.7/soco/plugins
    running install_lib
    creating /usr/local/lib/python2.7/dist-packages/soco
    error: could not create '/usr/local/lib/python2.7/dist-packages/soco': Permission denied

    Complete output from command /usr/bin/python -c "import setuptools;__file__='/home/pi/build/soco/setup.py';exec(compile(open(__file__).read().replace('\r\n', '\n'), __file__, 'exec'))" install --single-version-externally-managed --record /tmp/pip-Mzppo1-record/install-record.txt:

    running install

running build

running build_py

creating build

creating build/lib.linux-armv7l-2.7

creating build/lib.linux-armv7l-2.7/soco

copying soco/__init__.py -> build/lib.linux-armv7l-2.7/soco

copying soco/data_structures.py -> build/lib.linux-armv7l-2.7/soco

copying soco/xml.py -> build/lib.linux-armv7l-2.7/soco

copying soco/events.py -> build/lib.linux-armv7l-2.7/soco

copying soco/alarms.py -> build/lib.linux-armv7l-2.7/soco

copying soco/discovery.py -> build/lib.linux-armv7l-2.7/soco

copying soco/ms_data_structures.py -> build/lib.linux-armv7l-2.7/soco

copying soco/groups.py -> build/lib.linux-armv7l-2.7/soco

copying soco/cache.py -> build/lib.linux-armv7l-2.7/soco

copying soco/services.py -> build/lib.linux-armv7l-2.7/soco

copying soco/core.py -> build/lib.linux-armv7l-2.7/soco

copying soco/exceptions.py -> build/lib.linux-armv7l-2.7/soco

copying soco/snapshot.py -> build/lib.linux-armv7l-2.7/soco

copying soco/config.py -> build/lib.linux-armv7l-2.7/soco

copying soco/utils.py -> build/lib.linux-armv7l-2.7/soco

copying soco/compat.py -> build/lib.linux-armv7l-2.7/soco

creating build/lib.linux-armv7l-2.7/soco/plugins

copying soco/plugins/__init__.py -> build/lib.linux-armv7l-2.7/soco/plugins

copying soco/plugins/spotify.py -> build/lib.linux-armv7l-2.7/soco/plugins

copying soco/plugins/example.py -> build/lib.linux-armv7l-2.7/soco/plugins

copying soco/plugins/wimp.py -> build/lib.linux-armv7l-2.7/soco/plugins

running install_lib

creating /usr/local/lib/python2.7/dist-packages/soco

error: could not create '/usr/local/lib/python2.7/dist-packages/soco': Permission denied

----------------------------------------

Command /usr/bin/python -c "import setuptools;__file__='/home/pi/build/soco/setup.py';exec(compile(open(__file__).read().replace('\r\n', '\n'), __file__, 'exec'))" install --single-version-externally-managed --record /tmp/pip-Mzppo1-record/install-record.txt failed with error code 1 in /home/pi/build/soco

Exception information:
Traceback (most recent call last):
  File "/usr/lib/python2.7/dist-packages/pip/basecommand.py", line 104, in main
    status = self.run(options, args)
  File "/usr/lib/python2.7/dist-packages/pip/commands/install.py", line 250, in run
    requirement_set.install(install_options, global_options)
  File "/usr/lib/python2.7/dist-packages/pip/req.py", line 1133, in install
    requirement.install(install_options, global_options)
  File "/usr/lib/python2.7/dist-packages/pip/req.py", line 577, in install
    cwd=self.source_dir, filter_stdout=self._filter_install, show_stdout=False)
  File "/usr/lib/python2.7/dist-packages/pip/__init__.py", line 256, in call_subprocess
    % (command_desc, proc.returncode, cwd))
InstallationError: Command /usr/bin/python -c "import setuptools;__file__='/home/pi/build/soco/setup.py';exec(compile(open(__file__).read().replace('\r\n', '\n'), __file__, 'exec'))" install --single-version-externally-managed --record /tmp/pip-Mzppo1-record/install-record.txt failed with error code 1 in /home/pi/build/soco
